[debug] [2024-10-13T13:54:53.022Z] ----------------------------------------------------------------------
[debug] [2024-10-13T13:54:53.026Z] Command:       C:\Program Files\nodejs\node.exe C:\Users\issam\AppData\Roaming\npm\node_modules\firebase-tools\lib\bin\firebase.js init hosting:github
[debug] [2024-10-13T13:54:53.027Z] CLI Version:   13.22.0
[debug] [2024-10-13T13:54:53.027Z] Platform:      win32
[debug] [2024-10-13T13:54:53.027Z] Node Version:  v20.18.0
[debug] [2024-10-13T13:54:53.027Z] Time:          Sun Oct 13 2024 14:54:53 GMT+0100 (GMT+01:00)
[debug] [2024-10-13T13:54:53.027Z] ----------------------------------------------------------------------
[debug] 
[debug] [2024-10-13T13:54:53.132Z] > command requires scopes: ["email","openid","https://www.googleapis.com/auth/cloudplatformprojects.readonly","https://www.googleapis.com/auth/firebase","https://www.googleapis.com/auth/cloud-platform"]
[debug] [2024-10-13T13:54:53.133Z] > authorizing via signed-in user (elasriisssam@gmail.com)
[info] 
     ######## #### ########  ######## ########     ###     ######  ########
     ##        ##  ##     ## ##       ##     ##  ##   ##  ##       ##
     ######    ##  ########  ######   ########  #########  ######  ######
     ##        ##  ##    ##  ##       ##     ## ##     ##       ## ##
     ##       #### ##     ## ######## ########  ##     ##  ######  ########

You're about to initialize a Firebase project in this directory:

  C:\Users\issam\Desktop\Portfolio

Before we get started, keep in mind:

  * You are initializing within an existing Firebase project directory

[info] 
=== Project Setup
[info] 
[info] First, let's associate this project directory with a Firebase project.
[info] You can create multiple project aliases by running firebase use --add, 
[info] but for now we'll just set up a default project.
[info] 
[debug] [2024-10-13T13:54:55.986Z] Using project from CLI flag: portfolio-d1697
[debug] [2024-10-13T13:54:55.988Z] Checked if tokens are valid: true, expires at: 1728829128484
[debug] [2024-10-13T13:54:55.988Z] Checked if tokens are valid: true, expires at: 1728829128484
[debug] [2024-10-13T13:54:55.991Z] >>> [apiv2][query] GET https://firebase.googleapis.com/v1beta1/projects/portfolio-d1697 [none]
[debug] [2024-10-13T13:54:56.447Z] <<< [apiv2][status] GET https://firebase.googleapis.com/v1beta1/projects/portfolio-d1697 200
[debug] [2024-10-13T13:54:56.447Z] <<< [apiv2][body] GET https://firebase.googleapis.com/v1beta1/projects/portfolio-d1697 {"projectId":"portfolio-d1697","projectNumber":"858836293201","displayName":"portfolio","name":"projects/portfolio-d1697","resources":{"hostingSite":"portfolio-d1697"},"state":"ACTIVE","etag":"1_307877dc-ab5c-46cd-8670-b14186fe04dc"}
[info] i  Using project portfolio-d1697 (portfolio) 
[info] 
=== Hosting:github Setup
[info] 
[info] i  Detected a .git folder at C:\Users\issam\Desktop\Portfolio 
[info] i  Authorizing with GitHub to upload your service account to a GitHub repository's secrets store. 
[info] 
[info] Visit this URL on this device to log in:
[info] https://github.com/login/oauth/authorize?client_id=89cf50f02ac6aaed3484&state=948283035&redirect_uri=http%3A%2F%2Flocalhost%3A9005&scope=read%3Auser%20repo%20public_repo
[info] 
[info] Waiting for authentication...
[debug] [2024-10-13T13:54:56.490Z] Error: spawn cmd ENOENT
    at ChildProcess._handle.onexit (node:internal/child_process:286:19)
    at onErrorNT (node:internal/child_process:484:16)
    at process.processTicksAndRejections (node:internal/process/task_queues:82:21)
[error] 
[error] Error: An unexpected error has occurred.
